

------------ LOG STARTED AT 18:38:11 ------------

18:38:11 Process Warehouse 1 with PID 2046 created
18:38:11 Process Warehouse 0 with PID 2045 created
18:38:14 Drone 1 created
18:38:15 Drone 2 created
18:38:16 Drone 3 created
18:38:17 Drone 4 created
18:38:18 Drone 5 created
18:38:19 Drone 6 created
18:38:20 Drone 7 created
18:38:21 Product PD stock updated in 20 units, in Warehouse 2045
18:38:21 Drone 8 created
18:38:22 Drone 9 created
18:38:23 Drone 10 created
18:38:24 Drone 11 created
18:38:25 Drone 12 created
18:38:26 Drone 13 created
18:38:27 Drone 14 created
18:38:28 Drone 15 created
18:38:29 Drone 16 created
18:38:30 Drone 17 created
18:38:31 Product PB stock updated in 20 units, in Warehouse 2046
18:38:31 Drone 18 created
18:38:32 Drone 19 created
18:38:33 Drone 20 created
18:38:37 Order containing 23 units of PA with ID 1 received
18:38:37 Order with ID 1 delayed by Central for lack of stock
18:38:39 Order with ID 1 delayed by Central for lack of stock
18:38:41 Product PA stock updated in 20 units, in Warehouse 2045
18:38:41 Order with ID 1 dispatched by Drone 2 to (332.00,412.00) loading at Warehouse_1
18:38:51 Product PB stock updated in 20 units, in Warehouse 2046
18:38:58 Warehouse process 0 with PID 2045 terminated
18:38:58 Warehouse process 1 with PID 2046 terminated
18:38:58 Warehouse process 0 with PID 2045 terminated
18:38:58 Warehouse process 1 with PID 2046 terminated
18:38:58 Warehouse process 0 with PID 2045 terminated
18:38:58 Warehouse process 1 with PID 2046 terminated
18:38:58 Warehouse process 0 with PID 0 terminated
18:38:58 Warehouse process 1 with PID 0 terminated
18:39:2 Warehouse process 0 with PID 0 terminated
18:39:2 Warehouse process 1 with PID 0 terminated
18:39:4 Warehouse process 0 with PID 0 terminated
18:39:4 Warehouse process 1 with PID 0 terminated
18:39:5 Warehouse process 0 with PID 0 terminated
18:39:5 Warehouse process 1 with PID 0 terminated
18:39:5 Warehouse process 0 with PID 0 terminated
18:39:5 Warehouse process 1 with PID 0 terminated
18:39:6 Warehouse process 0 with PID 0 terminated
18:39:6 Warehouse process 1 with PID 0 terminated
18:39:6 Warehouse process 0 with PID 0 terminated
18:39:6 Warehouse process 1 with PID 0 terminated
18:39:6 Warehouse process 0 with PID 0 terminated
18:39:6 Warehouse process 1 with PID 0 terminated
18:39:7 Warehouse process 0 with PID 0 terminated
18:39:7 Warehouse process 1 with PID 0 terminated
18:39:7 Warehouse process 0 with PID 0 terminated
18:39:7 Warehouse process 1 with PID 0 terminated
18:39:8 Warehouse process 0 with PID 134 terminated
18:39:8 Warehouse process 0 with PID 134 terminated
18:39:8 Warehouse process 1 with PID 0 terminated


------------ LOG STARTED AT 18:40:7 ------------

18:40:7 Process Warehouse 1 with PID 2109 created
18:40:7 Process Warehouse 0 with PID 2108 created
18:40:10 Drone 1 created
18:40:11 Drone 2 created
18:40:12 Drone 3 created
18:40:12 Warehouse process 0 with PID 2108 terminated
18:40:12 Warehouse process 1 with PID 2109 terminated
18:40:12 Warehouse process 0 with PID 2108 terminated
18:40:12 Warehouse process 1 with PID 2109 terminated
18:40:12 Warehouse process 0 with PID 2108 terminated
18:40:12 Warehouse process 1 with PID 2109 terminated
18:40:12 Warehouse process 0 with PID 0 terminated
18:40:12 Warehouse process 1 with PID 0 terminated
18:40:18 Warehouse process 0 with PID 0 terminated
18:40:18 Warehouse process 1 with PID 0 terminated


------------ LOG STARTED AT 18:44:46 ------------

18:44:46 Process Warehouse 1 with PID 2139 created
18:44:46 Process Warehouse 0 with PID 2138 created
18:44:49 Drone 1 created
18:44:50 Drone 2 created
18:44:51 Drone 3 created
18:44:52 Drone 4 created
18:44:53 Drone 5 created
18:44:54 Drone 6 created
18:44:55 Drone 7 created
18:44:56 Product PD stock updated in 20 units, in Warehouse 2138
18:44:56 Drone 8 created
18:44:57 Drone 9 created
18:44:58 Drone 10 created
18:44:59 Drone 11 created
18:45:0 Drone 12 created
18:45:1 Drone 13 created
18:45:2 Drone 14 created
18:45:3 Drone 15 created
18:45:4 Drone 16 created
18:45:5 Drone 17 created
18:45:6 Product PB stock updated in 20 units, in Warehouse 2139
18:45:6 Drone 18 created
18:45:7 Drone 19 created
18:45:8 Drone 20 created
18:45:16 Product PA stock updated in 20 units, in Warehouse 2138
18:45:20 Order containing 10 units of PA with ID 1 received
18:45:20 Order with ID 1 dispatched by Drone 2 to (332.00,312.00) loading at Warehouse_1
18:45:26 Product PB stock updated in 20 units, in Warehouse 2139
18:45:35 Warehouse process 0 with PID 2138 terminated
18:45:35 Warehouse process 1 with PID 2139 terminated
18:45:35 Warehouse process 0 with PID 2138 terminated
18:45:35 Warehouse process 1 with PID 2139 terminated
18:45:35 Warehouse process 0 with PID 0 terminated
18:45:35 Warehouse process 1 with PID 0 terminated
18:45:35 Warehouse process 0 with PID 0 terminated
18:45:35 Warehouse process 1 with PID 0 terminated


------------ LOG STARTED AT 18:46:15 ------------

18:46:15 Process Warehouse 1 with PID 2189 created
18:46:15 Process Warehouse 0 with PID 2188 created
18:46:18 Drone 1 created
18:46:19 Drone 2 created
18:46:20 Drone 3 created
18:46:21 Drone 4 created
18:46:22 Drone 5 created
18:46:23 Drone 6 created
18:46:24 Drone 7 created
18:46:25 Product PD stock updated in 20 units, in Warehouse 2188
18:46:25 Drone 8 created
18:46:26 Drone 9 created
18:46:27 Drone 10 created
18:46:28 Drone 11 created
18:46:29 Drone 12 created
18:46:30 Drone 13 created
18:46:31 Drone 14 created
18:46:32 Drone 15 created
18:46:33 Drone 16 created
18:46:34 Drone 17 created
18:46:35 Product PB stock updated in 20 units, in Warehouse 2189
18:46:35 Drone 18 created
18:46:36 Drone 19 created
18:46:37 Drone 20 created
18:46:39 Order containing 23 units of PA with ID 1 received
18:46:39 Order with ID 1 delayed by Central for lack of stock
18:46:41 Order with ID 1 delayed by Central for lack of stock
18:46:43 Order with ID 1 delayed by Central for lack of stock
18:46:45 Product PA stock updated in 20 units, in Warehouse 2188
18:46:45 Order with ID 1 dispatched by Drone 2 to (323.00,321.00) loading at Warehouse_1
18:46:55 Product PB stock updated in 20 units, in Warehouse 2189
18:47:5 Product PC stock updated in 20 units, in Warehouse 2188
18:47:6 Warehouse process 0 with PID 2188 terminated
18:47:6 Warehouse process 1 with PID 2189 terminated
18:47:6 Warehouse process 0 with PID 2188 terminated
18:47:6 Warehouse process 1 with PID 2189 terminated
18:47:6 Warehouse process 0 with PID 0 terminated
18:47:6 Warehouse process 1 with PID 0 terminated
18:47:6 Warehouse process 0 with PID 0 terminated
18:47:6 Warehouse process 1 with PID 0 terminated


------------ LOG STARTED AT 18:47:57 ------------

18:47:57 Process Warehouse 1 with PID 2239 created
18:47:57 Process Warehouse 0 with PID 2238 created
18:48:0 Drone 1 created
18:48:1 Drone 2 created
18:48:2 Drone 3 created
18:48:3 Drone 4 created
18:48:4 Drone 5 created
18:48:5 Drone 6 created
18:48:6 Drone 7 created
18:48:7 Product PD stock updated in 20 units, in Warehouse 2238
18:48:7 Drone 8 created
18:48:8 Drone 9 created
18:48:9 Drone 10 created
18:48:10 Drone 11 created
18:48:11 Drone 12 created
18:48:12 Drone 13 created
18:48:13 Drone 14 created
18:48:14 Drone 15 created
18:48:15 Drone 16 created
18:48:16 Drone 17 created
18:48:17 Product PB stock updated in 20 units, in Warehouse 2239
18:48:17 Drone 18 created
18:48:18 Drone 19 created
18:48:19 Drone 20 created
18:48:21 Order containing 23 units of PA with ID 1 received
18:48:21 Order with ID 1 delayed by Central for lack of stock
18:48:23 Order with ID 1 delayed by Central for lack of stock
18:48:25 Order with ID 1 delayed by Central for lack of stock
18:48:27 Product PA stock updated in 20 units, in Warehouse 2238
18:48:27 Order with ID 1 dispatched by Drone 2 to (323.00,412.00) loading at Warehouse_1
18:48:27 Drone 2 moving to Warehouse_1
18:48:27 Drone 2 a initiating movement towards destination
18:48:27 Drone 2 moved sucessfully to destination
18:48:27 Drone 2 located at (960.00 , 590.00)
18:48:37 Product PB stock updated in 20 units, in Warehouse 2239
18:48:50 Product PC stock updated in 20 units, in Warehouse 2238
18:48:50 Drone 2 a initiating movement towards destination
18:48:50 Drone 2 moved sucessfully to destination
18:48:50 Drone 2 located at (323.00 , 412.00)
18:48:50 Drone 2 reached destination and delivered order 1
18:48:50 Drone 2 a initiating movement towards destination
18:48:51 Order containing 32 units of PC with ID 2 received
18:48:51 Order with ID 2 dispatched by Drone 2 to (323.00,412.00) loading at Warehouse_1
18:48:51 Drone 2 trajectory to base was interrupted! Got new task
18:48:51 Drone 2 located at (316.83 , 404.13)
18:48:51 Drone 2 moving to closest base
18:48:57 Product PB stock updated in 20 units, in Warehouse 2239
18:49:7 Product PD stock updated in 20 units, in Warehouse 2238
18:49:17 Product PB stock updated in 20 units, in Warehouse 2239
18:49:21 Order containing 32 units of PA with ID 3 received
18:49:21 Order with ID 3 delayed by Central for lack of stock
18:49:23 Order with ID 3 delayed by Central for lack of stock
18:49:25 Order with ID 3 delayed by Central for lack of stock
18:49:27 Product PA stock updated in 20 units, in Warehouse 2238
18:49:27 Order with ID 3 delayed by Central for lack of stock
18:49:29 Order with ID 3 delayed by Central for lack of stock
18:49:31 Order with ID 3 delayed by Central for lack of stock
18:49:33 Order with ID 3 delayed by Central for lack of stock
18:49:35 Order with ID 3 delayed by Central for lack of stock
18:49:37 Product PB stock updated in 20 units, in Warehouse 2239
18:49:37 Order with ID 3 delayed by Central for lack of stock
18:49:39 Order with ID 3 delayed by Central for lack of stock
18:49:41 Order with ID 3 delayed by Central for lack of stock
18:49:43 Order with ID 3 delayed by Central for lack of stock
18:49:45 Order with ID 3 delayed by Central for lack of stock
18:49:47 Product PC stock updated in 20 units, in Warehouse 2238
18:49:47 Order with ID 3 delayed by Central for lack of stock
18:49:49 Order with ID 3 delayed by Central for lack of stock
18:49:51 Order with ID 3 delayed by Central for lack of stock
18:49:53 Order with ID 3 delayed by Central for lack of stock
18:49:55 Order with ID 3 delayed by Central for lack of stock
18:49:57 Product PB stock updated in 20 units, in Warehouse 2239
18:49:57 Order with ID 3 delayed by Central for lack of stock
18:49:59 Order with ID 3 delayed by Central for lack of stock
18:50:1 Order containing 2 units of PA with ID 4 received
18:50:1 Order with ID 3 delayed by Central for lack of stock
18:50:3 Drone 3 moving to Warehouse_1
18:50:3 Drone 3 a initiating movement towards destination
18:50:3 Drone 3 moved sucessfully to destination
18:50:3 Drone 3 located at (960.00 , 590.00)
18:50:3 Order with ID 4 dispatched by Drone 3 to (33.00,312.00) loading at Warehouse_1
18:50:5 Order with ID 3 delayed by Central for lack of stock
18:50:5 Drone 3 a initiating movement towards destination
18:50:5 Drone 3 moved sucessfully to destination
18:50:5 Drone 3 located at (33.00 , 312.00)
18:50:5 Drone 3 reached destination and delivered order 4
18:50:5 Drone 3 a initiating movement towards destination
18:50:7 Product PC stock updated in 20 units, in Warehouse 2238
18:50:7 Order with ID 3 delayed by Central for lack of stock
18:50:9 Order with ID 3 delayed by Central for lack of stock
18:50:11 Order with ID 3 delayed by Central for lack of stock
18:50:13 Order with ID 3 delayed by Central for lack of stock
18:50:15 Order with ID 3 delayed by Central for lack of stock
18:50:17 Product PB stock updated in 20 units, in Warehouse 2239
18:50:17 Order with ID 3 delayed by Central for lack of stock
18:50:19 Order with ID 3 delayed by Central for lack of stock
18:50:21 Order with ID 3 delayed by Central for lack of stock
18:50:23 Order with ID 3 delayed by Central for lack of stock
18:50:25 Order with ID 3 delayed by Central for lack of stock
18:50:27 Product PC stock updated in 20 units, in Warehouse 2238
18:50:27 Order with ID 3 delayed by Central for lack of stock
18:50:29 Order with ID 3 delayed by Central for lack of stock
18:50:31 Order with ID 3 delayed by Central for lack of stock
18:50:33 Order with ID 3 delayed by Central for lack of stock
18:50:35 Order with ID 3 delayed by Central for lack of stock
18:50:37 Drone 3 moved sucessfully to destination
18:50:37 Drone 3 located at (0.00 , 0.00)
18:50:37 Drone 3 moving to closest base
18:50:37 Drone 2 moving to Warehouse_1
18:50:37 Drone 2 a initiating movement towards destination
18:50:37 Drone 2 moved sucessfully to destination
18:50:37 Drone 2 located at (960.00 , 590.00)
18:50:37 Product PB stock updated in 20 units, in Warehouse 2239
18:50:37 Order with ID 3 delayed by Central for lack of stock
18:50:39 Order containing 3 units of PC with ID 5 received
18:50:39 Order with ID 3 delayed by Central for lack of stock
18:50:41 Order with ID 5 dispatched by Drone 6 to (323.00,312.00) loading at Warehouse_1
18:50:43 Order with ID 3 delayed by Central for lack of stock
18:50:45 Order with ID 3 delayed by Central for lack of stock
18:50:47 Order with ID 3 delayed by Central for lack of stock
18:50:49 Order with ID 3 delayed by Central for lack of stock
18:50:51 Order with ID 3 delayed by Central for lack of stock
18:50:53 Order with ID 3 delayed by Central for lack of stock
18:50:55 Order with ID 3 delayed by Central for lack of stock
18:50:57 Product PB stock updated in 20 units, in Warehouse 2239
18:50:57 Order with ID 3 delayed by Central for lack of stock
18:50:59 Order with ID 3 delayed by Central for lack of stock
18:51:1 Order with ID 3 delayed by Central for lack of stock
18:51:3 Order with ID 3 delayed by Central for lack of stock
18:51:5 Order with ID 3 delayed by Central for lack of stock
18:51:7 Order with ID 3 delayed by Central for lack of stock
18:51:9 Product PA stock updated in 20 units, in Warehouse 2238
18:51:9 Product PD stock updated in 20 units, in Warehouse 2238
18:51:9 Drone 2 a initiating movement towards destination
18:51:9 Drone 2 moved sucessfully to destination
18:51:9 Drone 2 located at (323.00 , 412.00)
18:51:9 Drone 2 reached destination and delivered order 2
18:51:9 Drone 2 a initiating movement towards destination
18:51:9 Order with ID 3 dispatched by Drone 2 to (33.00,33.00) loading at Warehouse_1
18:51:9 Drone 2 trajectory to base was interrupted! Got new task
18:51:9 Drone 2 located at (319.92 , 408.07)
18:51:9 Drone 2 moving to closest base
18:51:9 Drone 6 moving to Warehouse_1
18:51:9 Drone 6 a initiating movement towards destination
18:51:9 Drone 6 moved sucessfully to destination
18:51:9 Drone 6 located at (960.00 , 590.00)
18:51:12 Drone 6 a initiating movement towards destination
18:51:12 Drone 6 moved sucessfully to destination
18:51:12 Drone 6 located at (323.00 , 312.00)
18:51:12 Drone 6 reached destination and delivered order 5
18:51:12 Drone 6 a initiating movement towards destination
18:51:17 Product PB stock updated in 20 units, in Warehouse 2239
18:51:19 Warehouse process 0 with PID 2238 terminated
18:51:19 Warehouse process 1 with PID 2239 terminated
18:51:19 Warehouse process 0 with PID 0 terminated
18:51:19 Warehouse process 0 with PID 0 terminated
18:51:19 Warehouse process 1 with PID 2239 terminated
18:51:19 Warehouse process 1 with PID 0 terminated
18:51:19 Warehouse process 0 with PID 0 terminated
18:51:19 Warehouse process 1 with PID 0 terminated
18:51:58 Drone 6 moved sucessfully to destination
18:51:58 Drone 6 located at (0.00 , 0.00)
18:51:58 Drone 6 moving to closest base


------------ LOG STARTED AT 18:53:50 ------------

18:53:50 Process Warehouse 1 with PID 2316 created
18:53:50 Process Warehouse 0 with PID 2315 created
18:53:53 Drone 1 created
18:53:54 Drone 2 created
18:53:55 Warehouse process 0 with PID 2315 terminated
18:53:55 Warehouse process 1 with PID 2316 terminated
18:53:55 Warehouse process 0 with PID 2315 terminated
18:53:55 Warehouse process 1 with PID 2316 terminated
18:53:55 Warehouse process 0 with PID 2315 terminated
18:53:55 Warehouse process 1 with PID 2316 terminated
18:53:55 Warehouse process 0 with PID 0 terminated
18:53:55 Warehouse process 1 with PID 0 terminated
